<?xml version="1.0" encoding="UTF-8"?>
<testsuite xmlns:xsi="http://www.w3.org/2001/XMLSchema-instance" xsi:noNamespaceSchemaLocation="https://maven.apache.org/surefire/maven-surefire-plugin/xsd/surefire-test-report-3.0.xsd" version="3.0" name="TestSuite" time="59.566" tests="6" errors="0" skipped="0" failures="0">
  <properties>
[...]
</properties>
  <testcase name="createContactTest" classname="com.comcast.crm.contactTest_TestNG.CreateContactTest" time="6.204">
    <system-out><![CDATA[Report Configuration
DB Connection established (default)
===Execute Before Suite===
===Execute Before Test===
==Execute Before Class==
=Execute Before Method=
========>createContactTest>======START========
]]></system-out>
    <system-err><![CDATA[SLF4J(W): No SLF4J providers were found.
SLF4J(W): Defaulting to no-operation (NOP) logger implementation
SLF4J(W): See https://www.slf4j.org/codes.html#noProviders for further details.
Loading class `com.mysql.jdbc.Driver'. This is deprecated. The new driver class is `com.mysql.cj.jdbc.Driver'. The driver is automatically registered via the SPI and manual loading of the driver class is generally unnecessary.
May 26, 2026 7:28:46 PM io.opentelemetry.api.GlobalOpenTelemetry maybeAutoConfigureAndSetGlobal
INFO: AutoConfiguredOpenTelemetrySdk found on classpath but automatic configuration is disabled. To enable, run your JVM with -Dotel.java.global-autoconfigure.enabled=true
May 26, 2026 7:28:47 PM org.openqa.selenium.devtools.CdpVersionFinder findNearestMatch
WARNING: Unable to find an exact match for CDP version 148, returning the closest version; found: 147; Please update to a Selenium version that supports CDP version 148
]]></system-err>
  </testcase>
  <testcase name="createContactWithOrgTest" classname="com.comcast.crm.contactTest_TestNG.CreateContactTest" time="10.253">
    <system-out><![CDATA[========>createContactTest>======END========
=Execute Before Method=
========>createContactWithOrgTest>======START========
]]></system-out>
  </testcase>
  <testcase name="createContactWithSupportDateTest" classname="com.comcast.crm.contactTest_TestNG.CreateContactTest" time="3.868">
    <system-out><![CDATA[========>createContactWithOrgTest>======END========
=Execute Before Method=
========>createContactWithSupportDateTest>======START========
]]></system-out>
  </testcase>
  <testcase name="createOrganizationTest" classname="com.comcast.crm.orgTest_TestNG.CreateOrganizationTest" time="5.239">
    <system-out><![CDATA[========>createContactWithSupportDateTest>======END========
==Execute After Class==
==Execute Before Class==
=Execute Before Method=
========>createOrganizationTest>======START========
]]></system-out>
    <system-err><![CDATA[May 26, 2026 7:29:19 PM org.openqa.selenium.devtools.CdpVersionFinder findNearestMatch
WARNING: Unable to find an exact match for CDP version 148, returning the closest version; found: 147; Please update to a Selenium version that supports CDP version 148
]]></system-err>
  </testcase>
  <testcase name="createOrganizationWithIndustries" classname="com.comcast.crm.orgTest_TestNG.CreateOrganizationTest" time="4.65">
    <system-out><![CDATA[========>createOrganizationTest>======END========
=Execute Before Method=
========>createOrganizationWithIndustries>======START========
]]></system-out>
  </testcase>
  <testcase name="createOrganizationWithPhoneNumber" classname="com.comcast.crm.orgTest_TestNG.CreateOrganizationTest" time="4.639">
    <system-out><![CDATA[========>createOrganizationWithIndustries>======END========
=Execute Before Method=
========>createOrganizationWithPhoneNumber>======START========
]]></system-out>
  </testcase>
</testsuite>