<?xml version="1.0" encoding="UTF-8"?>
<testng-results ignored="0" total="6" passed="6" failed="0" skipped="0">
  <reporter-output>
  </reporter-output>
  <suite started-at="2026-05-26T19:28:46 IST" name="Suite" finished-at="2026-05-26T19:29:44 IST" duration-ms="57626">
    <groups>
      <group name="regressionTest">
        <method signature="CreateContactTest.createContactTest()[pri:0, instance:com.comcast.crm.contactTest_TestNG.CreateContactTest@5c33f1a9]" name="createContactTest" class="com.comcast.crm.contactTest_TestNG.CreateContactTest"/>
        <method signature="CreateContactTest.createContactWithOrgTest()[pri:0, instance:com.comcast.crm.contactTest_TestNG.CreateContactTest@5c33f1a9]" name="createContactWithOrgTest" class="com.comcast.crm.contactTest_TestNG.CreateContactTest"/>
        <method signature="CreateContactTest.createContactWithSupportDateTest()[pri:0, instance:com.comcast.crm.contactTest_TestNG.CreateContactTest@5c33f1a9]" name="createContactWithSupportDateTest" class="com.comcast.crm.contactTest_TestNG.CreateContactTest"/>
        <method signature="CreateOrganizationTest.createOrganizationTest()[pri:0, instance:com.comcast.crm.orgTest_TestNG.CreateOrganizationTest@223191a6]" name="createOrganizationTest" class="com.comcast.crm.orgTest_TestNG.CreateOrganizationTest"/>
        <method signature="CreateOrganizationTest.createOrganizationWithIndustries()[pri:0, instance:com.comcast.crm.orgTest_TestNG.CreateOrganizationTest@223191a6]" name="createOrganizationWithIndustries" class="com.comcast.crm.orgTest_TestNG.CreateOrganizationTest"/>
        <method signature="CreateOrganizationTest.createOrganizationWithPhoneNumber()[pri:0, instance:com.comcast.crm.orgTest_TestNG.CreateOrganizationTest@223191a6]" name="createOrganizationWithPhoneNumber" class="com.comcast.crm.orgTest_TestNG.CreateOrganizationTest"/>
      </group> <!-- regressionTest -->
      <group name="smokeTest">
        <method signature="CreateContactTest.createContactTest()[pri:0, instance:com.comcast.crm.contactTest_TestNG.CreateContactTest@5c33f1a9]" name="createContactTest" class="com.comcast.crm.contactTest_TestNG.CreateContactTest"/>
        <method signature="CreateOrganizationTest.createOrganizationTest()[pri:0, instance:com.comcast.crm.orgTest_TestNG.CreateOrganizationTest@223191a6]" name="createOrganizationTest" class="com.comcast.crm.orgTest_TestNG.CreateOrganizationTest"/>
      </group> <!-- smokeTest -->
    </groups>
    <test started-at="2026-05-26T19:28:46 IST" name="Test" finished-at="2026-05-26T19:29:44 IST" duration-ms="57626">
      <class name="com.comcast.crm.orgTest_TestNG.CreateOrganizationTest">
        <test-method is-config="true" signature="launchBrowser()[pri:0, instance:com.comcast.crm.orgTest_TestNG.CreateOrganizationTest@223191a6]" started-at="2026-05-26T19:29:18 IST" name="launchBrowser" finished-at="2026-05-26T19:29:19 IST" duration-ms="859" status="PASS">
          <reporter-output>
          </reporter-output>
        </test-method> <!-- launchBrowser -->
        <test-method is-config="true" signature="logInToApp()[pri:0, instance:com.comcast.crm.orgTest_TestNG.CreateOrganizationTest@223191a6]" started-at="2026-05-26T19:29:19 IST" name="logInToApp" finished-at="2026-05-26T19:29:23 IST" duration-ms="3887" status="PASS">
          <reporter-output>
          </reporter-output>
        </test-method> <!-- logInToApp -->
        <test-method signature="createOrganizationTest()[pri:0, instance:com.comcast.crm.orgTest_TestNG.CreateOrganizationTest@223191a6]" started-at="2026-05-26T19:29:23 IST" name="createOrganizationTest" finished-at="2026-05-26T19:29:28 IST" duration-ms="5241" status="PASS">
          <reporter-output>
          </reporter-output>
        </test-method> <!-- createOrganizationTest -->
        <test-method is-config="true" signature="logOutFromApp()[pri:0, instance:com.comcast.crm.orgTest_TestNG.CreateOrganizationTest@223191a6]" started-at="2026-05-26T19:29:28 IST" name="logOutFromApp" finished-at="2026-05-26T19:29:29 IST" duration-ms="891" status="PASS">
          <reporter-output>
          </reporter-output>
        </test-method> <!-- logOutFromApp -->
        <test-method is-config="true" signature="logInToApp()[pri:0, instance:com.comcast.crm.orgTest_TestNG.CreateOrganizationTest@223191a6]" started-at="2026-05-26T19:29:29 IST" name="logInToApp" finished-at="2026-05-26T19:29:31 IST" duration-ms="1665" status="PASS">
          <reporter-output>
          </reporter-output>
        </test-method> <!-- logInToApp -->
        <test-method signature="createOrganizationWithIndustries()[pri:0, instance:com.comcast.crm.orgTest_TestNG.CreateOrganizationTest@223191a6]" started-at="2026-05-26T19:29:31 IST" name="createOrganizationWithIndustries" finished-at="2026-05-26T19:29:35 IST" duration-ms="4652" status="PASS">
          <reporter-output>
          </reporter-output>
        </test-method> <!-- createOrganizationWithIndustries -->
        <test-method is-config="true" signature="logOutFromApp()[pri:0, instance:com.comcast.crm.orgTest_TestNG.CreateOrganizationTest@223191a6]" started-at="2026-05-26T19:29:35 IST" name="logOutFromApp" finished-at="2026-05-26T19:29:36 IST" duration-ms="953" status="PASS">
          <reporter-output>
          </reporter-output>
        </test-method> <!-- logOutFromApp -->
        <test-method is-config="true" signature="logInToApp()[pri:0, instance:com.comcast.crm.orgTest_TestNG.CreateOrganizationTest@223191a6]" started-at="2026-05-26T19:29:36 IST" name="logInToApp" finished-at="2026-05-26T19:29:38 IST" duration-ms="1667" status="PASS">
          <reporter-output>
          </reporter-output>
        </test-method> <!-- logInToApp -->
        <test-method signature="createOrganizationWithPhoneNumber()[pri:0, instance:com.comcast.crm.orgTest_TestNG.CreateOrganizationTest@223191a6]" started-at="2026-05-26T19:29:38 IST" name="createOrganizationWithPhoneNumber" finished-at="2026-05-26T19:29:42 IST" duration-ms="4640" status="PASS">
          <reporter-output>
          </reporter-output>
        </test-method> <!-- createOrganizationWithPhoneNumber -->
        <test-method is-config="true" signature="logOutFromApp()[pri:0, instance:com.comcast.crm.orgTest_TestNG.CreateOrganizationTest@223191a6]" started-at="2026-05-26T19:29:42 IST" name="logOutFromApp" finished-at="2026-05-26T19:29:43 IST" duration-ms="963" status="PASS">
          <reporter-output>
          </reporter-output>
        </test-method> <!-- logOutFromApp -->
        <test-method is-config="true" signature="configAC()[pri:0, instance:com.comcast.crm.orgTest_TestNG.CreateOrganizationTest@223191a6]" started-at="2026-05-26T19:29:43 IST" name="configAC" finished-at="2026-05-26T19:29:44 IST" duration-ms="280" status="PASS">
          <reporter-output>
          </reporter-output>
        </test-method> <!-- configAC -->
      </class> <!-- com.comcast.crm.orgTest_TestNG.CreateOrganizationTest -->
      <class name="com.comcast.crm.contactTest_TestNG.CreateContactTest">
        <test-method is-config="true" signature="connectTodB()[pri:0, instance:com.comcast.crm.contactTest_TestNG.CreateContactTest@5c33f1a9]" started-at="2026-05-26T19:28:45 IST" name="connectTodB" finished-at="2026-05-26T19:28:46 IST" duration-ms="646" status="PASS">
          <reporter-output>
          </reporter-output>
        </test-method> <!-- connectTodB -->
        <test-method is-config="true" signature="configBT()[pri:0, instance:com.comcast.crm.contactTest_TestNG.CreateContactTest@5c33f1a9]" started-at="2026-05-26T19:28:46 IST" name="configBT" finished-at="2026-05-26T19:28:46 IST" duration-ms="1" status="PASS">
          <reporter-output>
          </reporter-output>
        </test-method> <!-- configBT -->
        <test-method is-config="true" signature="launchBrowser()[pri:0, instance:com.comcast.crm.contactTest_TestNG.CreateContactTest@5c33f1a9]" started-at="2026-05-26T19:28:46 IST" name="launchBrowser" finished-at="2026-05-26T19:28:47 IST" duration-ms="1205" status="PASS">
          <reporter-output>
          </reporter-output>
        </test-method> <!-- launchBrowser -->
        <test-method is-config="true" signature="logInToApp()[pri:0, instance:com.comcast.crm.contactTest_TestNG.CreateContactTest@5c33f1a9]" started-at="2026-05-26T19:28:47 IST" name="logInToApp" finished-at="2026-05-26T19:28:51 IST" duration-ms="4054" status="PASS">
          <reporter-output>
          </reporter-output>
        </test-method> <!-- logInToApp -->
        <test-method signature="createContactTest()[pri:0, instance:com.comcast.crm.contactTest_TestNG.CreateContactTest@5c33f1a9]" started-at="2026-05-26T19:28:51 IST" name="createContactTest" finished-at="2026-05-26T19:28:58 IST" duration-ms="6216" status="PASS">
          <reporter-output>
          </reporter-output>
        </test-method> <!-- createContactTest -->
        <test-method is-config="true" signature="logOutFromApp()[pri:0, instance:com.comcast.crm.contactTest_TestNG.CreateContactTest@5c33f1a9]" started-at="2026-05-26T19:28:58 IST" name="logOutFromApp" finished-at="2026-05-26T19:28:59 IST" duration-ms="986" status="PASS">
          <reporter-output>
          </reporter-output>
        </test-method> <!-- logOutFromApp -->
        <test-method is-config="true" signature="logInToApp()[pri:0, instance:com.comcast.crm.contactTest_TestNG.CreateContactTest@5c33f1a9]" started-at="2026-05-26T19:28:59 IST" name="logInToApp" finished-at="2026-05-26T19:29:00 IST" duration-ms="1747" status="PASS">
          <reporter-output>
          </reporter-output>
        </test-method> <!-- logInToApp -->
        <test-method signature="createContactWithOrgTest()[pri:0, instance:com.comcast.crm.contactTest_TestNG.CreateContactTest@5c33f1a9]" started-at="2026-05-26T19:29:00 IST" name="createContactWithOrgTest" finished-at="2026-05-26T19:29:11 IST" duration-ms="10255" status="PASS">
          <reporter-output>
          </reporter-output>
        </test-method> <!-- createContactWithOrgTest -->
        <test-method is-config="true" signature="logOutFromApp()[pri:0, instance:com.comcast.crm.contactTest_TestNG.CreateContactTest@5c33f1a9]" started-at="2026-05-26T19:29:11 IST" name="logOutFromApp" finished-at="2026-05-26T19:29:11 IST" duration-ms="876" status="PASS">
          <reporter-output>
          </reporter-output>
        </test-method> <!-- logOutFromApp -->
        <test-method is-config="true" signature="logInToApp()[pri:0, instance:com.comcast.crm.contactTest_TestNG.CreateContactTest@5c33f1a9]" started-at="2026-05-26T19:29:11 IST" name="logInToApp" finished-at="2026-05-26T19:29:13 IST" duration-ms="1450" status="PASS">
          <reporter-output>
          </reporter-output>
        </test-method> <!-- logInToApp -->
        <test-method signature="createContactWithSupportDateTest()[pri:0, instance:com.comcast.crm.contactTest_TestNG.CreateContactTest@5c33f1a9]" started-at="2026-05-26T19:29:13 IST" name="createContactWithSupportDateTest" finished-at="2026-05-26T19:29:17 IST" duration-ms="3868" status="PASS">
          <reporter-output>
          </reporter-output>
        </test-method> <!-- createContactWithSupportDateTest -->
        <test-method is-config="true" signature="logOutFromApp()[pri:0, instance:com.comcast.crm.contactTest_TestNG.CreateContactTest@5c33f1a9]" started-at="2026-05-26T19:29:17 IST" name="logOutFromApp" finished-at="2026-05-26T19:29:18 IST" duration-ms="910" status="PASS">
          <reporter-output>
          </reporter-output>
        </test-method> <!-- logOutFromApp -->
        <test-method is-config="true" signature="configAC()[pri:0, instance:com.comcast.crm.contactTest_TestNG.CreateContactTest@5c33f1a9]" started-at="2026-05-26T19:29:18 IST" name="configAC" finished-at="2026-05-26T19:29:18 IST" duration-ms="305" status="PASS">
          <reporter-output>
          </reporter-output>
        </test-method> <!-- configAC -->
        <test-method is-config="true" signature="configAT()[pri:0, instance:com.comcast.crm.contactTest_TestNG.CreateContactTest@5c33f1a9]" started-at="2026-05-26T19:29:44 IST" name="configAT" finished-at="2026-05-26T19:29:44 IST" duration-ms="0" status="PASS">
          <reporter-output>
          </reporter-output>
        </test-method> <!-- configAT -->
        <test-method is-config="true" signature="closeThedB()[pri:0, instance:com.comcast.crm.contactTest_TestNG.CreateContactTest@5c33f1a9]" started-at="2026-05-26T19:29:44 IST" name="closeThedB" finished-at="2026-05-26T19:29:44 IST" duration-ms="4" status="PASS">
          <reporter-output>
          </reporter-output>
        </test-method> <!-- closeThedB -->
      </class> <!-- com.comcast.crm.contactTest_TestNG.CreateContactTest -->
    </test> <!-- Test -->
  </suite> <!-- Suite -->
</testng-results>
