<?xml version="1.0" encoding="UTF-8"?>
<!-- Generated by org.testng.reporters.JUnitXMLReporter -->
<testsuite ignored="0" hostname="LAPTOP-VS6I3RB4" failures="0" tests="3" name="Test-1" time="30.858" errors="0" timestamp="2026-06-11T15:08:39 IST">
  <testcase classname="com.comcast.crm.contactTest_TestNG.CreateContactTest" name="createContactTest" time="5.582"/>
  <testcase classname="com.comcast.crm.contactTest_TestNG.CreateContactTest" name="createContactWithOrgTest" time="8.368"/>
  <testcase classname="com.comcast.crm.contactTest_TestNG.CreateContactTest" name="createContactWithSupportDateTest" time="3.4"/>
</testsuite> <!-- Test-1 -->
