<?xml version="1.0" encoding="UTF-8"?>
<!-- Generated by org.testng.reporters.JUnitXMLReporter -->
<testsuite ignored="4" hostname="LAPTOP-VS6I3RB4" failures="0" tests="6" name="ChromeTest" time="52.614" errors="0" timestamp="2026-05-19T18:30:25 IST">
  <testcase classname="com.comcast.crm.contactTest_TestNG.CreateContactTest" name="createContactTest" time="10.488"/>
  <testcase classname="com.comcast.crm.contactTest_TestNG.CreateContactTest" name="createContactWithOrgTest" time="9.887"/>
  <testcase classname="com.comcast.crm.contactTest_TestNG.CreateContactTest" name="createContactWithSupportDateTest" time="5.593"/>
  <testcase classname="com.comcast.crm.orgTest_TestNG.CreateOrganizationTest" name="createOrganizationTest" time="4.559"/>
  <testcase classname="com.comcast.crm.orgTest_TestNG.CreateOrganizationTest" name="createOrganizationWithIndustries" time="3.383"/>
  <testcase classname="com.comcast.crm.orgTest_TestNG.CreateOrganizationTest" name="createOrganizationWithPhoneNumber" time="4.083"/>
  <testcase classname="com.comcast.crm.generic.baseUtility.BaseClass" name="@BeforeSuite connectTodB" time="0.0">
    <ignored/>
  </testcase> <!-- @BeforeSuite connectTodB -->
  <testcase classname="com.comcast.crm.generic.baseUtility.BaseClass" name="@BeforeTest configBT" time="0.0">
    <ignored/>
  </testcase> <!-- @BeforeTest configBT -->
  <testcase classname="com.comcast.crm.generic.baseUtility.BaseClass" name="@AfterTest configAT" time="0.0">
    <ignored/>
  </testcase> <!-- @AfterTest configAT -->
  <testcase classname="com.comcast.crm.generic.baseUtility.BaseClass" name="@AfterSuite closeThedB" time="0.0">
    <ignored/>
  </testcase> <!-- @AfterSuite closeThedB -->
</testsuite> <!-- ChromeTest -->
