<?xml version="1.0" encoding="UTF-8"?>
<!-- Generated by org.testng.reporters.JUnitXMLReporter -->
<testsuite ignored="2" hostname="LAPTOP-VS6I3RB4" failures="0" tests="6" name="CRMTEST" time="31.715" errors="0" timestamp="2026-05-09T00:13:37 IST">
  <testcase classname="com.comcast.crm.contactTest_TestNG.CreateContactTest" name="createContactTest" time="9.06"/>
  <testcase classname="com.comcast.crm.orgTest_TestNG.CreateOrganizationTest" name="createOrganizationTest" time="9.669"/>
  <testcase classname="com.comcast.crm.orgTest_TestNG.CreateOrganizationTest" name="createOrganizationWithIndustries" time="4.838"/>
  <testcase classname="com.comcast.crm.contactTest_TestNG.CreateContactTest" name="createContactWithOrgTest" time="10.077"/>
  <testcase classname="com.comcast.crm.orgTest_TestNG.CreateOrganizationTest" name="createOrganizationWithPhoneNumber" time="4.015"/>
  <testcase classname="com.comcast.crm.contactTest_TestNG.CreateContactTest" name="createContactWithSupportDateTest" time="3.94"/>
  <testcase classname="com.comcast.crm.generic.baseUtility.BaseClass" name="@AfterSuite closeThedB" time="0.0">
    <ignored/>
  </testcase> <!-- @AfterSuite closeThedB -->
  <testcase classname="com.comcast.crm.generic.baseUtility.BaseClass" name="@BeforeSuite connectTodB" time="0.0">
    <ignored/>
  </testcase> <!-- @BeforeSuite connectTodB -->
</testsuite> <!-- CRMTEST -->
