<?xml version="1.0" encoding="UTF-8"?>
<!-- Generated by org.testng.reporters.JUnitXMLReporter -->
<testsuite ignored="0" hostname="LAPTOP-VS6I3RB4" failures="0" tests="3" name="CrossBrowserTest" time="0.156" errors="0" timestamp="2026-05-09T00:00:13 IST">
  <testcase classname="com.comcast.crm.generic.baseUtility.BaseClass" name="@BeforeClass launchBrowser" time="-1.77826501329E9">
    <failure type="org.testng.TestNGException" message="
Parameter &amp;apos;BROWSER&amp;apos; is required by BeforeClass on method launchBrowser but has not been marked @Optional or defined
in C:\Users\Guru K R\eclipse-workspace\ComcastCRMGUIFramework\suite_Parallel_CrossBrowserTest.xml">
      <![CDATA[org.testng.TestNGException: 
Parameter 'BROWSER' is required by BeforeClass on method launchBrowser but has not been marked @Optional or defined
in C:\Users\Guru K R\eclipse-workspace\ComcastCRMGUIFramework\suite_Parallel_CrossBrowserTest.xml
at java.base/java.util.concurrent.Executors$RunnableAdapter.call(Executors.java:572)
at java.base/java.util.concurrent.FutureTask.run(FutureTask.java:317)
at java.base/java.util.concurrent.ThreadPoolExecutor.runWorker(ThreadPoolExecutor.java:1144)
at java.base/java.util.concurrent.ThreadPoolExecutor$Worker.run(ThreadPoolExecutor.java:642)
at java.base/java.lang.Thread.run(Thread.java:1583)
... Removed 8 stack frames]]>
    </failure>
  </testcase> <!-- @BeforeClass launchBrowser -->
  <testcase classname="com.comcast.crm.generic.baseUtility.BaseClass" name="@BeforeMethod setUP" time="0.002">
    <failure type="java.lang.NullPointerException" message="Cannot invoke &amp;quot;org.openqa.selenium.WebDriver.get(String)&amp;quot; because the return value of &amp;quot;com.comcast.crm.generic.webdriverutility.UtilityClassObject.getDriver()&amp;quot; is null">
      <![CDATA[java.lang.NullPointerException: Cannot invoke "org.openqa.selenium.WebDriver.get(String)" because the return value of "com.comcast.crm.generic.webdriverutility.UtilityClassObject.getDriver()" is null
at com.comcast.crm.generic.baseUtility.BaseClass.setUP(BaseClass.java:74)
at java.base/java.util.concurrent.Executors$RunnableAdapter.call(Executors.java:572)
at java.base/java.util.concurrent.FutureTask.run(FutureTask.java:317)
at java.base/java.util.concurrent.ThreadPoolExecutor.runWorker(ThreadPoolExecutor.java:1144)
at java.base/java.util.concurrent.ThreadPoolExecutor$Worker.run(ThreadPoolExecutor.java:642)
at java.base/java.lang.Thread.run(Thread.java:1583)
... Removed 15 stack frames]]>
    </failure>
  </testcase> <!-- @BeforeMethod setUP -->
  <testcase classname="com.comcast.crm.generic.baseUtility.BaseClass" name="@AfterMethod logOutFromApp" time="0.044">
    <failure type="java.lang.IllegalArgumentException" message="Driver must be set">
      <![CDATA[java.lang.IllegalArgumentException: Driver must be set
at org.openqa.selenium.internal.Require.nonNull(Require.java:68)
at org.openqa.selenium.interactions.Actions.<init>(Actions.java:65)
at org.openqa.selenium.interactions.Actions.<init>(Actions.java:61)
at com.comcast.crm.objectrepositoryutility.LogOut.logOut(LogOut.java:24)
at com.comcast.crm.generic.baseUtility.BaseClass.logOutFromApp(BaseClass.java:86)
at java.base/java.util.concurrent.Executors$RunnableAdapter.call(Executors.java:572)
at java.base/java.util.concurrent.FutureTask.run(FutureTask.java:317)
at java.base/java.util.concurrent.ThreadPoolExecutor.runWorker(ThreadPoolExecutor.java:1144)
at java.base/java.util.concurrent.ThreadPoolExecutor$Worker.run(ThreadPoolExecutor.java:642)
at java.base/java.lang.Thread.run(Thread.java:1583)
... Removed 16 stack frames]]>
    </failure>
  </testcase> <!-- @AfterMethod logOutFromApp -->
  <testcase classname="com.comcast.crm.generic.baseUtility.BaseClass" name="@BeforeMethod setUP" time="0.001">
    <failure type="java.lang.NullPointerException" message="Cannot invoke &amp;quot;org.openqa.selenium.WebDriver.get(String)&amp;quot; because the return value of &amp;quot;com.comcast.crm.generic.webdriverutility.UtilityClassObject.getDriver()&amp;quot; is null">
      <![CDATA[java.lang.NullPointerException: Cannot invoke "org.openqa.selenium.WebDriver.get(String)" because the return value of "com.comcast.crm.generic.webdriverutility.UtilityClassObject.getDriver()" is null
at com.comcast.crm.generic.baseUtility.BaseClass.setUP(BaseClass.java:74)
at java.base/java.util.concurrent.Executors$RunnableAdapter.call(Executors.java:572)
at java.base/java.util.concurrent.FutureTask.run(FutureTask.java:317)
at java.base/java.util.concurrent.ThreadPoolExecutor.runWorker(ThreadPoolExecutor.java:1144)
at java.base/java.util.concurrent.ThreadPoolExecutor$Worker.run(ThreadPoolExecutor.java:642)
at java.base/java.lang.Thread.run(Thread.java:1583)
... Removed 15 stack frames]]>
    </failure>
  </testcase> <!-- @BeforeMethod setUP -->
  <testcase classname="com.comcast.crm.generic.baseUtility.BaseClass" name="@AfterMethod logOutFromApp" time="0.001">
    <failure type="java.lang.IllegalArgumentException" message="Driver must be set">
      <![CDATA[java.lang.IllegalArgumentException: Driver must be set
at org.openqa.selenium.internal.Require.nonNull(Require.java:68)
at org.openqa.selenium.interactions.Actions.<init>(Actions.java:65)
at org.openqa.selenium.interactions.Actions.<init>(Actions.java:61)
at com.comcast.crm.objectrepositoryutility.LogOut.logOut(LogOut.java:24)
at com.comcast.crm.generic.baseUtility.BaseClass.logOutFromApp(BaseClass.java:86)
at java.base/java.util.concurrent.Executors$RunnableAdapter.call(Executors.java:572)
at java.base/java.util.concurrent.FutureTask.run(FutureTask.java:317)
at java.base/java.util.concurrent.ThreadPoolExecutor.runWorker(ThreadPoolExecutor.java:1144)
at java.base/java.util.concurrent.ThreadPoolExecutor$Worker.run(ThreadPoolExecutor.java:642)
at java.base/java.lang.Thread.run(Thread.java:1583)
... Removed 16 stack frames]]>
    </failure>
  </testcase> <!-- @AfterMethod logOutFromApp -->
  <testcase classname="com.comcast.crm.generic.baseUtility.BaseClass" name="@BeforeMethod setUP" time="0.001">
    <failure type="java.lang.NullPointerException" message="Cannot invoke &amp;quot;org.openqa.selenium.WebDriver.get(String)&amp;quot; because the return value of &amp;quot;com.comcast.crm.generic.webdriverutility.UtilityClassObject.getDriver()&amp;quot; is null">
      <![CDATA[java.lang.NullPointerException: Cannot invoke "org.openqa.selenium.WebDriver.get(String)" because the return value of "com.comcast.crm.generic.webdriverutility.UtilityClassObject.getDriver()" is null
at com.comcast.crm.generic.baseUtility.BaseClass.setUP(BaseClass.java:74)
at java.base/java.util.concurrent.Executors$RunnableAdapter.call(Executors.java:572)
at java.base/java.util.concurrent.FutureTask.run(FutureTask.java:317)
at java.base/java.util.concurrent.ThreadPoolExecutor.runWorker(ThreadPoolExecutor.java:1144)
at java.base/java.util.concurrent.ThreadPoolExecutor$Worker.run(ThreadPoolExecutor.java:642)
at java.base/java.lang.Thread.run(Thread.java:1583)
... Removed 15 stack frames]]>
    </failure>
  </testcase> <!-- @BeforeMethod setUP -->
  <testcase classname="com.comcast.crm.generic.baseUtility.BaseClass" name="@AfterMethod logOutFromApp" time="0.001">
    <failure type="java.lang.IllegalArgumentException" message="Driver must be set">
      <![CDATA[java.lang.IllegalArgumentException: Driver must be set
at org.openqa.selenium.internal.Require.nonNull(Require.java:68)
at org.openqa.selenium.interactions.Actions.<init>(Actions.java:65)
at org.openqa.selenium.interactions.Actions.<init>(Actions.java:61)
at com.comcast.crm.objectrepositoryutility.LogOut.logOut(LogOut.java:24)
at com.comcast.crm.generic.baseUtility.BaseClass.logOutFromApp(BaseClass.java:86)
at java.base/java.util.concurrent.Executors$RunnableAdapter.call(Executors.java:572)
at java.base/java.util.concurrent.FutureTask.run(FutureTask.java:317)
at java.base/java.util.concurrent.ThreadPoolExecutor.runWorker(ThreadPoolExecutor.java:1144)
at java.base/java.util.concurrent.ThreadPoolExecutor$Worker.run(ThreadPoolExecutor.java:642)
at java.base/java.lang.Thread.run(Thread.java:1583)
... Removed 16 stack frames]]>
    </failure>
  </testcase> <!-- @AfterMethod logOutFromApp -->
  <testcase classname="com.comcast.crm.contactTest_TestNG.CreateContactTest" name="createContactTest" time="0.001">
    <skipped/>
  </testcase> <!-- createContactTest -->
  <testcase classname="com.comcast.crm.contactTest_TestNG.CreateContactTest" name="createContactWithOrgTest" time="0.0">
    <skipped/>
  </testcase> <!-- createContactWithOrgTest -->
  <testcase classname="com.comcast.crm.contactTest_TestNG.CreateContactTest" name="createContactWithSupportDateTest" time="0.0">
    <skipped/>
  </testcase> <!-- createContactWithSupportDateTest -->
</testsuite> <!-- CrossBrowserTest -->
