<?xml version="1.0" encoding="UTF-8"?>
<!-- Generated by org.testng.reporters.JUnitXMLReporter -->
<testsuite ignored="4" hostname="LAPTOP-VS6I3RB4" failures="0" tests="6" name="Test" time="54.87" errors="0" timestamp="2026-06-03T19:19:27 IST">
  <testcase classname="com.comcast.crm.contactTest_TestNG.CreateContactTest" name="createContactTest" time="5.527"/>
  <testcase classname="com.comcast.crm.contactTest_TestNG.CreateContactTest" name="createContactWithOrgTest" time="10.232"/>
  <testcase classname="com.comcast.crm.contactTest_TestNG.CreateContactTest" name="createContactWithSupportDateTest" time="5.383"/>
  <testcase classname="com.comcast.crm.orgTest_TestNG.CreateOrganizationTest" name="createOrganizationTest" time="4.43"/>
  <testcase classname="com.comcast.crm.orgTest_TestNG.CreateOrganizationTest" name="createOrganizationWithIndustries" time="5.128"/>
  <testcase classname="com.comcast.crm.orgTest_TestNG.CreateOrganizationTest" name="createOrganizationWithPhoneNumber" time="4.374"/>
  <testcase classname="com.comcast.crm.generic.baseUtility.BaseClass" name="@AfterTest configAT" time="0.0">
    <ignored/>
  </testcase> <!-- @AfterTest configAT -->
  <testcase classname="com.comcast.crm.generic.baseUtility.BaseClass" name="@BeforeTest configBT" time="0.0">
    <ignored/>
  </testcase> <!-- @BeforeTest configBT -->
  <testcase classname="com.comcast.crm.generic.baseUtility.BaseClass" name="@AfterSuite closeThedB" time="0.0">
    <ignored/>
  </testcase> <!-- @AfterSuite closeThedB -->
  <testcase classname="com.comcast.crm.generic.baseUtility.BaseClass" name="@BeforeSuite connectTodB" time="0.0">
    <ignored/>
  </testcase> <!-- @BeforeSuite connectTodB -->
</testsuite> <!-- Test -->
