<?xml version="1.0" encoding="UTF-8"?>
<!-- Generated by org.testng.reporters.JUnitXMLReporter -->
<testsuite ignored="4" hostname="LAPTOP-VS6I3RB4" failures="0" tests="3" name="Thread-1" time="32.093" errors="0" timestamp="2026-05-09T00:25:49 IST">
  <testcase classname="com.comcast.crm.orgTest_TestNG_Classes.CreateOrganizationWithIndustries" name="createOrganizationWithIndustries" time="5.216"/>
  <testcase classname="com.comcast.crm.orgTest_TestNG_Classes.CreateOrganizationWithPhoneNumber" name="createOrganizationWithPhoneNumber" time="7.376"/>
  <testcase classname="com.comcast.crm.contactTest_TestNG_Classes.CreateContactTest" name="createContactTest" time="4.525"/>
  <testcase classname="com.comcast.crm.generic.baseUtility.BaseClass" name="@BeforeSuite connectTodB" time="0.0">
    <ignored/>
  </testcase> <!-- @BeforeSuite connectTodB -->
  <testcase classname="com.comcast.crm.generic.baseUtility.BaseClass" name="@AfterSuite closeThedB" time="0.0">
    <ignored/>
  </testcase> <!-- @AfterSuite closeThedB -->
  <testcase classname="com.comcast.crm.generic.baseUtility.BaseClass" name="@AfterSuite closeThedB" time="0.0">
    <ignored/>
  </testcase> <!-- @AfterSuite closeThedB -->
  <testcase classname="com.comcast.crm.generic.baseUtility.BaseClass" name="@BeforeSuite connectTodB" time="0.0">
    <ignored/>
  </testcase> <!-- @BeforeSuite connectTodB -->
</testsuite> <!-- Thread-1 -->
