<?xml version="1.0" encoding="UTF-8"?>
<!-- Generated by org.testng.reporters.JUnitReportReporter -->
<testsuite hostname="LAPTOP-VS6I3RB4" failures="0" tests="3" name="com.comcast.crm.contactTest_TestNG.CreateContactTest" time="27.736" errors="0" timestamp="2026-06-03T19:19:27 IST" skipped="0">
  <testcase classname="com.comcast.crm.contactTest_TestNG.CreateContactTest" name="createContactTest" time="7.867"/>
  <testcase classname="com.comcast.crm.contactTest_TestNG.CreateContactTest" name="createContactWithOrgTest" time="11.779"/>
  <testcase classname="com.comcast.crm.contactTest_TestNG.CreateContactTest" name="createContactWithSupportDateTest" time="8.090"/>
</testsuite> <!-- com.comcast.crm.contactTest_TestNG.CreateContactTest -->
