<?xml version="1.0" encoding="UTF-8"?>
<!-- Generated by org.testng.reporters.JUnitReportReporter -->
<testsuite hostname="LAPTOP-VS6I3RB4" failures="0" tests="11" name="practice.TestNg.SampleTestNG_invocationCount" time="0.023" errors="0" timestamp="2026-04-27T15:36:28 IST" skipped="1">
  <testcase classname="practice.TestNg.SampleTestNG_invocationCount" name="createOrderTest" time="0.001"/>
  <testcase classname="practice.TestNg.SampleTestNG_invocationCount" name="createOrderTest" time="0.011"/>
  <testcase classname="practice.TestNg.SampleTestNG_invocationCount" name="createOrderTest" time="0.002"/>
  <testcase classname="practice.TestNg.SampleTestNG_invocationCount" name="createOrderTest" time="0.002"/>
  <testcase classname="practice.TestNg.SampleTestNG_invocationCount" name="createOrderTest" time="0.001"/>
  <testcase classname="practice.TestNg.SampleTestNG_invocationCount" name="createOrderTest" time="0.002"/>
  <testcase classname="practice.TestNg.SampleTestNG_invocationCount" name="createOrderTest" time="0.001"/>
  <testcase classname="practice.TestNg.SampleTestNG_invocationCount" name="createOrderTest" time="0.001"/>
  <testcase classname="practice.TestNg.SampleTestNG_invocationCount" name="createOrderTest" time="0.001"/>
  <testcase classname="practice.TestNg.SampleTestNG_invocationCount" name="createOrderTest" time="0.001"/>
  <testcase classname="practice.TestNg.SampleTestNG_invocationCount" name="billingAnOrderTest">
    <skipped/>
  </testcase> <!-- billingAnOrderTest -->
</testsuite> <!-- practice.TestNg.SampleTestNG_invocationCount -->
