<?xml version="1.0" encoding="UTF-8"?>
<!-- Generated by org.testng.reporters.JUnitReportReporter -->
<testsuite hostname="LAPTOP-VS6I3RB4" failures="0" tests="3" name="practice.TestNg.getProductInfoAmazonTest" time="18.345" errors="0" timestamp="2026-04-28T15:38:53 IST" skipped="0">
  <testcase classname="practice.TestNg.getProductInfoAmazonTest" name="getProductInfoTest" time="4.905"/>
  <testcase classname="practice.TestNg.getProductInfoAmazonTest" name="getProductInfoTest" time="7.470"/>
  <testcase classname="practice.TestNg.getProductInfoAmazonTest" name="getProductInfoTest" time="5.970"/>
</testsuite> <!-- practice.TestNg.getProductInfoAmazonTest -->
