<?xml version="1.0" encoding="UTF-8"?>
<!-- Generated by org.testng.reporters.JUnitReportReporter -->
<testsuite hostname="LAPTOP-VS6I3RB4" failures="0" tests="1" name="com.comcast.crm.orgTest_TestNG.CreateOrganizationTest" time="292.780" errors="0" timestamp="2026-06-08T18:08:21 IST" skipped="0">
  <testcase classname="com.comcast.crm.orgTest_TestNG.CreateOrganizationTest" name="createOrganizationTest" time="292.780"/>
</testsuite> <!-- com.comcast.crm.orgTest_TestNG.CreateOrganizationTest -->
