<?xml version="1.0" encoding="UTF-8"?>
<!-- Generated by org.testng.reporters.JUnitReportReporter -->
<testsuite hostname="LAPTOP-VS6I3RB4" failures="0" tests="3" name="com.comcast.crm.contactTest_TestNG.CreateContactTest" time="42.962" errors="0" timestamp="2026-05-28T10:49:45 IST" skipped="0">
  <testcase classname="com.comcast.crm.contactTest_TestNG.CreateContactTest" name="createContactWithSupportDateTest" time="7.265"/>
  <testcase classname="com.comcast.crm.contactTest_TestNG.CreateContactTest" name="createContactTest" time="15.354"/>
  <testcase classname="com.comcast.crm.contactTest_TestNG.CreateContactTest" name="createContactWithOrgTest" time="20.343"/>
</testsuite> <!-- com.comcast.crm.contactTest_TestNG.CreateContactTest -->
