<?xml version="1.0" encoding="UTF-8"?>
<!-- Generated by org.testng.reporters.JUnitReportReporter -->
<testsuite hostname="LAPTOP-VS6I3RB4" failures="0" tests="3" name="com.comcast.crm.orgTest_TestNG.CreateOrganizationTest" time="30.818" errors="0" timestamp="2026-06-15T12:57:30 IST" skipped="0">
  <testcase classname="com.comcast.crm.orgTest_TestNG.CreateOrganizationTest" name="createOrganizationWithIndustries" time="8.794"/>
  <testcase classname="com.comcast.crm.orgTest_TestNG.CreateOrganizationTest" name="createOrganizationTest" time="11.207"/>
  <testcase classname="com.comcast.crm.orgTest_TestNG.CreateOrganizationTest" name="createOrganizationWithPhoneNumber" time="10.817"/>
</testsuite> <!-- com.comcast.crm.orgTest_TestNG.CreateOrganizationTest -->
