<?xml version="1.0" encoding="UTF-8"?>
<!-- Generated by org.testng.reporters.JUnitReportReporter -->
<testsuite hostname="LAPTOP-VS6I3RB4" failures="0" tests="3" name="practice.TestNg.SampleTestNG" time="0.015" errors="0" timestamp="2026-04-27T15:13:28 IST" skipped="0">
  <testcase classname="practice.TestNg.SampleTestNG" name="createConatct" time="0.012"/>
  <testcase classname="practice.TestNg.SampleTestNG" name="modifyContact" time="0.002"/>
  <testcase classname="practice.TestNg.SampleTestNG" name="deleteContact" time="0.001"/>
</testsuite> <!-- practice.TestNg.SampleTestNG -->
