<?xml version="1.0" encoding="UTF-8"?>
<!-- Generated by org.testng.reporters.JUnitReportReporter -->
<testsuite hostname="LAPTOP-VS6I3RB4" failures="0" tests="3" name="practice.TestNg.SampleTestNG_DataProvider" time="0.012" errors="0" timestamp="2026-04-27T15:56:22 IST" skipped="0">
  <testcase classname="practice.TestNg.SampleTestNG_DataProvider" name="createContact" time="0.001"/>
  <testcase classname="practice.TestNg.SampleTestNG_DataProvider" name="createContact" time="0.002"/>
  <testcase classname="practice.TestNg.SampleTestNG_DataProvider" name="createContact" time="0.009"/>
</testsuite> <!-- practice.TestNg.SampleTestNG_DataProvider -->
