<?xml version="1.0" encoding="UTF-8"?>
<!-- Generated by org.testng.reporters.JUnitReportReporter -->
<testsuite hostname="LAPTOP-VS6I3RB4" failures="0" tests="2" name="practice.TestNg.Practice_ConfigurationAnnotations" time="0.015" errors="0" timestamp="2026-04-29T09:28:35 IST" skipped="0">
  <testcase classname="practice.TestNg.Practice_ConfigurationAnnotations" name="createContactTest" time="0.009"/>
  <testcase classname="practice.TestNg.Practice_ConfigurationAnnotations" name="createOrgTest" time="0.006"/>
</testsuite> <!-- practice.TestNg.Practice_ConfigurationAnnotations -->
