<?xml version="1.0" encoding="UTF-8"?>
<!-- Generated by org.testng.reporters.JUnitReportReporter -->
<testsuite hostname="LAPTOP-VS6I3RB4" failures="0" tests="3" name="practice.TestNg.GetProductInfoTest" time="26.376" errors="0" timestamp="2026-04-28T15:00:43 IST" skipped="0">
  <testcase classname="practice.TestNg.GetProductInfoTest" name="getProductInfoTest" time="17.892"/>
  <testcase classname="practice.TestNg.GetProductInfoTest" name="getProductInfoTest" time="4.307"/>
  <testcase classname="practice.TestNg.GetProductInfoTest" name="getProductInfoTest" time="4.177"/>
</testsuite> <!-- practice.TestNg.GetProductInfoTest -->
