<?xml version="1.0" encoding="UTF-8"?>
<!-- Generated by org.testng.reporters.JUnitReportReporter -->
<testsuite hostname="LAPTOP-VS6I3RB4" failures="0" tests="3" name="practice.TestNg.SampleTestNG_DependsonMethod$SampleTestNG_priority" time="0.014" errors="0" timestamp="2026-04-27T15:15:36 IST" skipped="0">
  <testcase classname="practice.TestNg.SampleTestNG_DependsonMethod$SampleTestNG_priority" name="createConatct" time="0.011"/>
  <testcase classname="practice.TestNg.SampleTestNG_DependsonMethod$SampleTestNG_priority" name="modifyContact" time="0.002"/>
  <testcase classname="practice.TestNg.SampleTestNG_DependsonMethod$SampleTestNG_priority" name="deleteContact" time="0.001"/>
</testsuite> <!-- practice.TestNg.SampleTestNG_DependsonMethod$SampleTestNG_priority -->
