<?xml version="1.0" encoding="UTF-8"?>
<!-- Generated by org.testng.reporters.JUnitXMLReporter -->
<testsuite ignored="4" hostname="LAPTOP-VS6I3RB4" failures="0" tests="6" name="EdgeTest" time="78.972" errors="0" timestamp="2026-06-10T14:31:25 IST">
  <testcase classname="com.comcast.crm.contactTest_TestNG.CreateContactTest" name="createContactTest" time="4.366"/>
  <testcase classname="com.comcast.crm.contactTest_TestNG.CreateContactTest" name="createContactWithOrgTest" time="12.165"/>
  <testcase classname="com.comcast.crm.contactTest_TestNG.CreateContactTest" name="createContactWithSupportDateTest" time="5.091"/>
  <testcase classname="com.comcast.crm.orgTest_TestNG.CreateOrganizationTest" name="createOrganizationTest" time="5.037"/>
  <testcase classname="com.comcast.crm.orgTest_TestNG.CreateOrganizationTest" name="createOrganizationWithIndustries" time="5.876"/>
  <testcase classname="com.comcast.crm.orgTest_TestNG.CreateOrganizationTest" name="createOrganizationWithPhoneNumber" time="6.421"/>
  <testcase classname="com.comcast.crm.generic.baseUtility.BaseClass" name="@AfterSuite closeThedB" time="0.0">
    <ignored/>
  </testcase> <!-- @AfterSuite closeThedB -->
  <testcase classname="com.comcast.crm.generic.baseUtility.BaseClass" name="@AfterTest configAT" time="0.0">
    <ignored/>
  </testcase> <!-- @AfterTest configAT -->
  <testcase classname="com.comcast.crm.generic.baseUtility.BaseClass" name="@BeforeSuite connectTodB" time="0.0">
    <ignored/>
  </testcase> <!-- @BeforeSuite connectTodB -->
  <testcase classname="com.comcast.crm.generic.baseUtility.BaseClass" name="@BeforeTest configBT" time="0.0">
    <ignored/>
  </testcase> <!-- @BeforeTest configBT -->
</testsuite> <!-- EdgeTest -->
