<?xml version="1.0" encoding="UTF-8"?>
<!-- Generated by org.testng.reporters.JUnitReportReporter -->
<testsuite hostname="LAPTOP-VS6I3RB4" failures="0" tests="3" name="com.comcast.crm.contactTest_TestNG.CreateContactTest" time="30.362" errors="0" timestamp="2026-05-26T19:29:44 IST" skipped="0">
  <testcase classname="com.comcast.crm.contactTest_TestNG.CreateContactTest" name="createContactWithOrgTest" time="15.185"/>
  <testcase classname="com.comcast.crm.contactTest_TestNG.CreateContactTest" name="createContactWithSupportDateTest" time="6.228"/>
  <testcase classname="com.comcast.crm.contactTest_TestNG.CreateContactTest" name="createContactTest" time="8.949"/>
</testsuite> <!-- com.comcast.crm.contactTest_TestNG.CreateContactTest -->
