<?xml version="1.0" encoding="UTF-8"?>
<!-- Generated by org.testng.reporters.JUnitReportReporter -->
<testsuite hostname="LAPTOP-VS6I3RB4" failures="0" tests="3" name="com.comcast.crm.orgTest_TestNG.CreateOrganizationTest" time="24.559" errors="0" timestamp="2026-05-26T19:29:44 IST" skipped="0">
  <testcase classname="com.comcast.crm.orgTest_TestNG.CreateOrganizationTest" name="createOrganizationWithIndustries" time="7.208"/>
  <testcase classname="com.comcast.crm.orgTest_TestNG.CreateOrganizationTest" name="createOrganizationTest" time="7.861"/>
  <testcase classname="com.comcast.crm.orgTest_TestNG.CreateOrganizationTest" name="createOrganizationWithPhoneNumber" time="9.490"/>
</testsuite> <!-- com.comcast.crm.orgTest_TestNG.CreateOrganizationTest -->
