<?xml version="1.0" encoding="UTF-8"?>
<!-- Generated by org.testng.reporters.JUnitXMLReporter -->
<testsuite ignored="2" hostname="LAPTOP-VS6I3RB4" failures="0" tests="1" name="Test" time="54.514" errors="0" timestamp="2026-05-14T17:21:01 IST">
  <testcase classname="com.comcast.crm.contactTest_TestNG.CreateContactTest" name="createContactTest" time="17.737"/>
  <testcase classname="com.comcast.crm.contactTest_TestNG.CreateContactTest" name="createContactWithSupportDateTest" time="0.0">
    <ignored/>
  </testcase> <!-- createContactWithSupportDateTest -->
  <testcase classname="com.comcast.crm.contactTest_TestNG.CreateContactTest" name="createContactWithOrgTest" time="0.0">
    <ignored/>
  </testcase> <!-- createContactWithOrgTest -->
</testsuite> <!-- Test -->
