<?xml version="1.0" encoding="UTF-8"?>
<!-- Generated by org.testng.reporters.JUnitXMLReporter -->
<testsuite ignored="4" hostname="LAPTOP-VS6I3RB4" failures="2" tests="8" name="Surefire test" time="122.093" errors="0" timestamp="2026-05-26T19:09:58 IST">
  <testcase classname="com.comcast.crm.contactTest_TestNG.CreateContactTest" name="createContactTest" time="9.373"/>
  <testcase classname="com.comcast.crm.contactTest_TestNG.CreateContactTest" name="createContactWithOrgTest" time="14.411"/>
  <testcase classname="com.comcast.crm.contactTest_TestNG.CreateContactTest" name="createContactWithSupportDateTest" time="4.8"/>
  <testcase classname="com.comcast.crm.orgTest_TestNG.CreateOrganizationTest" name="createOrganizationTest" time="15.851"/>
  <testcase classname="com.comcast.crm.orgTest_TestNG.CreateOrganizationTest" name="createOrganizationWithIndustries" time="5.496"/>
  <testcase classname="com.comcast.crm.orgTest_TestNG.CreateOrganizationTest" name="createOrganizationWithPhoneNumber" time="6.277"/>
  <testcase classname="practice.TestNg.getProductInfoAmazonTest" name="getProductInfoTest" time="34.131">
    <failure type="org.openqa.selenium.NoSuchElementException" message="no such element: Unable to locate element: {&amp;quot;method&amp;quot;:&amp;quot;xpath&amp;quot;,&amp;quot;selector&amp;quot;:&amp;quot;//span[text()=&amp;apos;Apple iPhone 17, US Version, 256GB, eSIM, Black- Unlocked (Renewed)&amp;apos;]/../../../../div[4]/div[1]/div[1]/div[1]/div[1]/div/a/span/span[2]/span[2]&amp;quot;}
  (Session info: chrome=148.0.7778.168)
For documentation on this error, please visit: https://www.selenium.dev/documentation/webdriver/troubleshooting/errors#nosuchelementexception
Build info: version: &amp;apos;4.43.0&amp;apos;, revision: &amp;apos;dd0f534&amp;apos;
System info: os.name: &amp;apos;Windows 11&amp;apos;, os.arch: &amp;apos;amd64&amp;apos;, os.version: &amp;apos;10.0&amp;apos;, java.version: &amp;apos;21.0.10&amp;apos;
Driver info: org.openqa.selenium.chrome.ChromeDriver
Command: [30d3613a8ae4760bfe906e54e6e9b6f4, findElement {value=//span[text()=&amp;apos;Apple iPhone 17, US Version, 256GB, eSIM, Black- Unlocked (Renewed)&amp;apos;]/../../../../div[4]/div[1]/div[1]/div[1]/div[1]/div/a/span/span[2]/span[2], using=xpath}]
Capabilities {acceptInsecureCerts: false, browserName: chrome, browserVersion: 148.0.7778.168, chrome: {chromedriverVersion: 148.0.7778.178 (d096af1c9e9..., userDataDir: C:\Users\GURUKR~1\AppData\L...}, fedcm:accounts: true, goog:chromeOptions: {debuggerAddress: localhost:63681}, goog:processID: 25260, networkConnectionEnabled: false, pageLoadStrategy: normal, platformName: windows, proxy: Proxy(), se:cdp: ws://localhost:63681/devtoo..., se:cdpVersion: 148.0.7778.168, setWindowRect: true, strictFileInteractability: false, timeouts: {implicit: 0, pageLoad: 300000, script: 30000}, unhandledPromptBehavior: dismiss and notify, webauthn:extension:credBlob: true, webauthn:extension:largeBlob: true, webauthn:extension:minPinLength: true, webauthn:extension:prf: true, webauthn:virtualAuthenticators: true}
Session ID: 30d3613a8ae4760bfe906e54e6e9b6f4">
      <![CDATA[org.openqa.selenium.NoSuchElementException: no such element: Unable to locate element: {"method":"xpath","selector":"//span[text()='Apple iPhone 17, US Version, 256GB, eSIM, Black- Unlocked (Renewed)']/../../../../div[4]/div[1]/div[1]/div[1]/div[1]/div/a/span/span[2]/span[2]"}
  (Session info: chrome=148.0.7778.168)
For documentation on this error, please visit: https://www.selenium.dev/documentation/webdriver/troubleshooting/errors#nosuchelementexception
Build info: version: '4.43.0', revision: 'dd0f534'
System info: os.name: 'Windows 11', os.arch: 'amd64', os.version: '10.0', java.version: '21.0.10'
Driver info: org.openqa.selenium.chrome.ChromeDriver
Command: [30d3613a8ae4760bfe906e54e6e9b6f4, findElement {value=//span[text()='Apple iPhone 17, US Version, 256GB, eSIM, Black- Unlocked (Renewed)']/../../../../div[4]/div[1]/div[1]/div[1]/div[1]/div/a/span/span[2]/span[2], using=xpath}]
Capabilities {acceptInsecureCerts: false, browserName: chrome, browserVersion: 148.0.7778.168, chrome: {chromedriverVersion: 148.0.7778.178 (d096af1c9e9..., userDataDir: C:\Users\GURUKR~1\AppData\L...}, fedcm:accounts: true, goog:chromeOptions: {debuggerAddress: localhost:63681}, goog:processID: 25260, networkConnectionEnabled: false, pageLoadStrategy: normal, platformName: windows, proxy: Proxy(), se:cdp: ws://localhost:63681/devtoo..., se:cdpVersion: 148.0.7778.168, setWindowRect: true, strictFileInteractability: false, timeouts: {implicit: 0, pageLoad: 300000, script: 30000}, unhandledPromptBehavior: dismiss and notify, webauthn:extension:credBlob: true, webauthn:extension:largeBlob: true, webauthn:extension:minPinLength: true, webauthn:extension:prf: true, webauthn:virtualAuthenticators: true}
Session ID: 30d3613a8ae4760bfe906e54e6e9b6f4
at org.openqa.selenium.remote.ErrorCodec.decode(ErrorCodec.java:169)
at org.openqa.selenium.remote.codec.w3c.W3CHttpResponseCodec.decode(W3CHttpResponseCodec.java:142)
at org.openqa.selenium.remote.codec.w3c.W3CHttpResponseCodec.decode(W3CHttpResponseCodec.java:49)
at org.openqa.selenium.remote.HttpCommandExecutor.execute(HttpCommandExecutor.java:223)
at org.openqa.selenium.remote.service.DriverCommandExecutor.invokeExecute(DriverCommandExecutor.java:216)
at org.openqa.selenium.remote.service.DriverCommandExecutor.execute(DriverCommandExecutor.java:174)
at org.openqa.selenium.remote.RemoteWebDriver.execute(RemoteWebDriver.java:606)
at org.openqa.selenium.remote.ElementLocation$ElementFinder$2.findElement(ElementLocation.java:166)
at org.openqa.selenium.remote.ElementLocation.findElement(ElementLocation.java:60)
at org.openqa.selenium.remote.RemoteWebDriver.findElement(RemoteWebDriver.java:429)
at org.openqa.selenium.remote.RemoteWebDriver.findElement(RemoteWebDriver.java:423)
at practice.TestNg.getProductInfoAmazonTest.getProductInfoTest(getProductInfoAmazonTest.java:29)
at java.base/java.util.ArrayList.forEach(ArrayList.java:1596)
... Removed 30 stack frames]]>
    </failure>
  </testcase> <!-- getProductInfoTest -->
  <testcase classname="practice.TestNg.getProductInfoAmazonTest" name="getProductInfoTest" time="34.391">
    <failure type="java.lang.NullPointerException" message="Cannot invoke &amp;quot;org.openqa.selenium.TakesScreenshot.getScreenshotAs(org.openqa.selenium.OutputType)&amp;quot; because &amp;quot;ts&amp;quot; is null">
      <![CDATA[java.lang.NullPointerException: Cannot invoke "org.openqa.selenium.TakesScreenshot.getScreenshotAs(org.openqa.selenium.OutputType)" because "ts" is null
at com.comcast.crm.generic.listenerutility.ListImpClass.onTestFailure(ListImpClass.java:97)
at java.base/java.util.ArrayList.forEach(ArrayList.java:1596)
... Removed 29 stack frames]]>
    </failure>
  </testcase> <!-- getProductInfoTest -->
  <testcase classname="com.comcast.crm.generic.baseUtility.BaseClass" name="@BeforeTest configBT" time="0.0">
    <ignored/>
  </testcase> <!-- @BeforeTest configBT -->
  <testcase classname="com.comcast.crm.generic.baseUtility.BaseClass" name="@AfterSuite closeThedB" time="0.0">
    <ignored/>
  </testcase> <!-- @AfterSuite closeThedB -->
  <testcase classname="com.comcast.crm.generic.baseUtility.BaseClass" name="@AfterTest configAT" time="0.0">
    <ignored/>
  </testcase> <!-- @AfterTest configAT -->
  <testcase classname="com.comcast.crm.generic.baseUtility.BaseClass" name="@BeforeSuite connectTodB" time="0.0">
    <ignored/>
  </testcase> <!-- @BeforeSuite connectTodB -->
</testsuite> <!-- Surefire test -->
