<?xml version="1.0" encoding="UTF-8"?>
<testng-results ignored="0" total="3" passed="3" failed="0" skipped="0">
  <reporter-output>
  </reporter-output>
  <suite started-at="2026-06-15T12:56:40 IST" name="Default suite" finished-at="2026-06-15T12:57:29 IST" duration-ms="49471">
    <groups>
      <group name="regressionTest">
        <method signature="CreateOrganizationTest.createOrganizationTest()[pri:0, instance:com.comcast.crm.orgTest_TestNG.CreateOrganizationTest@198b6731]" name="createOrganizationTest" class="com.comcast.crm.orgTest_TestNG.CreateOrganizationTest"/>
        <method signature="CreateOrganizationTest.createOrganizationWithIndustries()[pri:0, instance:com.comcast.crm.orgTest_TestNG.CreateOrganizationTest@198b6731]" name="createOrganizationWithIndustries" class="com.comcast.crm.orgTest_TestNG.CreateOrganizationTest"/>
        <method signature="CreateOrganizationTest.createOrganizationWithPhoneNumber()[pri:0, instance:com.comcast.crm.orgTest_TestNG.CreateOrganizationTest@198b6731]" name="createOrganizationWithPhoneNumber" class="com.comcast.crm.orgTest_TestNG.CreateOrganizationTest"/>
      </group> <!-- regressionTest -->
      <group name="smokeTest">
        <method signature="CreateOrganizationTest.createOrganizationTest()[pri:0, instance:com.comcast.crm.orgTest_TestNG.CreateOrganizationTest@198b6731]" name="createOrganizationTest" class="com.comcast.crm.orgTest_TestNG.CreateOrganizationTest"/>
      </group> <!-- smokeTest -->
    </groups>
    <test started-at="2026-06-15T12:56:40 IST" name="Default test" finished-at="2026-06-15T12:57:29 IST" duration-ms="49471">
      <class name="com.comcast.crm.orgTest_TestNG.CreateOrganizationTest">
        <test-method is-config="true" signature="connectTodB()[pri:0, instance:com.comcast.crm.orgTest_TestNG.CreateOrganizationTest@198b6731]" started-at="2026-06-15T12:56:39 IST" name="connectTodB" finished-at="2026-06-15T12:56:40 IST" duration-ms="738" status="PASS">
          <reporter-output>
          </reporter-output>
        </test-method> <!-- connectTodB -->
        <test-method is-config="true" signature="configBT()[pri:0, instance:com.comcast.crm.orgTest_TestNG.CreateOrganizationTest@198b6731]" started-at="2026-06-15T12:56:40 IST" name="configBT" finished-at="2026-06-15T12:56:40 IST" duration-ms="2" status="PASS">
          <reporter-output>
          </reporter-output>
        </test-method> <!-- configBT -->
        <test-method is-config="true" signature="launchBrowser(java.lang.String)[pri:0, instance:com.comcast.crm.orgTest_TestNG.CreateOrganizationTest@198b6731]" started-at="2026-06-15T12:56:40 IST" name="launchBrowser" finished-at="2026-06-15T12:56:58 IST" duration-ms="18066" status="PASS">
          <params>
            <param index="0">
              <value>
                <![CDATA[edge]]>
              </value>
            </param>
          </params>
          <reporter-output>
          </reporter-output>
        </test-method> <!-- launchBrowser -->
        <test-method is-config="true" signature="logInToApp()[pri:0, instance:com.comcast.crm.orgTest_TestNG.CreateOrganizationTest@198b6731]" started-at="2026-06-15T12:56:58 IST" name="logInToApp" finished-at="2026-06-15T12:57:03 IST" duration-ms="5106" status="PASS">
          <reporter-output>
          </reporter-output>
        </test-method> <!-- logInToApp -->
        <test-method signature="createOrganizationTest()[pri:0, instance:com.comcast.crm.orgTest_TestNG.CreateOrganizationTest@198b6731]" started-at="2026-06-15T12:57:03 IST" name="createOrganizationTest" finished-at="2026-06-15T12:57:11 IST" duration-ms="7984" status="PASS">
          <reporter-output>
          </reporter-output>
        </test-method> <!-- createOrganizationTest -->
        <test-method is-config="true" signature="logOutFromApp()[pri:0, instance:com.comcast.crm.orgTest_TestNG.CreateOrganizationTest@198b6731]" started-at="2026-06-15T12:57:11 IST" name="logOutFromApp" finished-at="2026-06-15T12:57:12 IST" duration-ms="1226" status="PASS">
          <reporter-output>
          </reporter-output>
        </test-method> <!-- logOutFromApp -->
        <test-method is-config="true" signature="logInToApp()[pri:0, instance:com.comcast.crm.orgTest_TestNG.CreateOrganizationTest@198b6731]" started-at="2026-06-15T12:57:12 IST" name="logInToApp" finished-at="2026-06-15T12:57:14 IST" duration-ms="1997" status="PASS">
          <reporter-output>
          </reporter-output>
        </test-method> <!-- logInToApp -->
        <test-method signature="createOrganizationWithIndustries()[pri:0, instance:com.comcast.crm.orgTest_TestNG.CreateOrganizationTest@198b6731]" started-at="2026-06-15T12:57:14 IST" name="createOrganizationWithIndustries" finished-at="2026-06-15T12:57:20 IST" duration-ms="5567" status="PASS">
          <reporter-output>
          </reporter-output>
        </test-method> <!-- createOrganizationWithIndustries -->
        <test-method is-config="true" signature="logOutFromApp()[pri:0, instance:com.comcast.crm.orgTest_TestNG.CreateOrganizationTest@198b6731]" started-at="2026-06-15T12:57:20 IST" name="logOutFromApp" finished-at="2026-06-15T12:57:21 IST" duration-ms="1208" status="PASS">
          <reporter-output>
          </reporter-output>
        </test-method> <!-- logOutFromApp -->
        <test-method is-config="true" signature="logInToApp()[pri:0, instance:com.comcast.crm.orgTest_TestNG.CreateOrganizationTest@198b6731]" started-at="2026-06-15T12:57:21 IST" name="logInToApp" finished-at="2026-06-15T12:57:23 IST" duration-ms="2019" status="PASS">
          <reporter-output>
          </reporter-output>
        </test-method> <!-- logInToApp -->
        <test-method signature="createOrganizationWithPhoneNumber()[pri:0, instance:com.comcast.crm.orgTest_TestNG.CreateOrganizationTest@198b6731]" started-at="2026-06-15T12:57:23 IST" name="createOrganizationWithPhoneNumber" finished-at="2026-06-15T12:57:28 IST" duration-ms="4563" status="PASS">
          <reporter-output>
          </reporter-output>
        </test-method> <!-- createOrganizationWithPhoneNumber -->
        <test-method is-config="true" signature="logOutFromApp()[pri:0, instance:com.comcast.crm.orgTest_TestNG.CreateOrganizationTest@198b6731]" started-at="2026-06-15T12:57:28 IST" name="logOutFromApp" finished-at="2026-06-15T12:57:29 IST" duration-ms="1148" status="PASS">
          <reporter-output>
          </reporter-output>
        </test-method> <!-- logOutFromApp -->
        <test-method is-config="true" signature="configAC()[pri:0, instance:com.comcast.crm.orgTest_TestNG.CreateOrganizationTest@198b6731]" started-at="2026-06-15T12:57:29 IST" name="configAC" finished-at="2026-06-15T12:57:29 IST" duration-ms="514" status="PASS">
          <reporter-output>
          </reporter-output>
        </test-method> <!-- configAC -->
        <test-method is-config="true" signature="configAT()[pri:0, instance:com.comcast.crm.orgTest_TestNG.CreateOrganizationTest@198b6731]" started-at="2026-06-15T12:57:29 IST" name="configAT" finished-at="2026-06-15T12:57:29 IST" duration-ms="1" status="PASS">
          <reporter-output>
          </reporter-output>
        </test-method> <!-- configAT -->
        <test-method is-config="true" signature="closeThedB()[pri:0, instance:com.comcast.crm.orgTest_TestNG.CreateOrganizationTest@198b6731]" started-at="2026-06-15T12:57:29 IST" name="closeThedB" finished-at="2026-06-15T12:57:29 IST" duration-ms="5" status="PASS">
          <reporter-output>
          </reporter-output>
        </test-method> <!-- closeThedB -->
      </class> <!-- com.comcast.crm.orgTest_TestNG.CreateOrganizationTest -->
    </test> <!-- Default test -->
  </suite> <!-- Default suite -->
</testng-results>
