<?xml version="1.0" encoding="UTF-8"?>
<testng-results ignored="0" total="6" passed="6" failed="0" skipped="0">
  <reporter-output>
  </reporter-output>
  <suite started-at="2026-06-08T16:16:57 IST" name="Suite" finished-at="2026-06-08T16:17:51 IST" duration-ms="53482">
    <groups>
      <group name="regressionTest">
        <method signature="CreateContactTest.createContactTest()[pri:0, instance:com.comcast.crm.contactTest_TestNG.CreateContactTest@198b6731]" name="createContactTest" class="com.comcast.crm.contactTest_TestNG.CreateContactTest"/>
        <method signature="CreateContactTest.createContactWithOrgTest()[pri:0, instance:com.comcast.crm.contactTest_TestNG.CreateContactTest@198b6731]" name="createContactWithOrgTest" class="com.comcast.crm.contactTest_TestNG.CreateContactTest"/>
        <method signature="CreateContactTest.createContactWithSupportDateTest()[pri:0, instance:com.comcast.crm.contactTest_TestNG.CreateContactTest@198b6731]" name="createContactWithSupportDateTest" class="com.comcast.crm.contactTest_TestNG.CreateContactTest"/>
        <method signature="CreateOrganizationTest.createOrganizationTest()[pri:0, instance:com.comcast.crm.orgTest_TestNG.CreateOrganizationTest@4b2bac3f]" name="createOrganizationTest" class="com.comcast.crm.orgTest_TestNG.CreateOrganizationTest"/>
        <method signature="CreateOrganizationTest.createOrganizationWithIndustries()[pri:0, instance:com.comcast.crm.orgTest_TestNG.CreateOrganizationTest@4b2bac3f]" name="createOrganizationWithIndustries" class="com.comcast.crm.orgTest_TestNG.CreateOrganizationTest"/>
        <method signature="CreateOrganizationTest.createOrganizationWithPhoneNumber()[pri:0, instance:com.comcast.crm.orgTest_TestNG.CreateOrganizationTest@4b2bac3f]" name="createOrganizationWithPhoneNumber" class="com.comcast.crm.orgTest_TestNG.CreateOrganizationTest"/>
      </group> <!-- regressionTest -->
      <group name="smokeTest">
        <method signature="CreateContactTest.createContactTest()[pri:0, instance:com.comcast.crm.contactTest_TestNG.CreateContactTest@198b6731]" name="createContactTest" class="com.comcast.crm.contactTest_TestNG.CreateContactTest"/>
        <method signature="CreateOrganizationTest.createOrganizationTest()[pri:0, instance:com.comcast.crm.orgTest_TestNG.CreateOrganizationTest@4b2bac3f]" name="createOrganizationTest" class="com.comcast.crm.orgTest_TestNG.CreateOrganizationTest"/>
      </group> <!-- smokeTest -->
    </groups>
    <test started-at="2026-06-08T16:16:57 IST" name="Test" finished-at="2026-06-08T16:17:51 IST" duration-ms="53482">
      <class name="com.comcast.crm.orgTest_TestNG.CreateOrganizationTest">
        <test-method is-config="true" signature="launchBrowser()[pri:0, instance:com.comcast.crm.orgTest_TestNG.CreateOrganizationTest@4b2bac3f]" started-at="2026-06-08T16:17:29 IST" name="launchBrowser" finished-at="2026-06-08T16:17:30 IST" duration-ms="877" status="PASS">
          <reporter-output>
          </reporter-output>
        </test-method> <!-- launchBrowser -->
        <test-method is-config="true" signature="logInToApp()[pri:0, instance:com.comcast.crm.orgTest_TestNG.CreateOrganizationTest@4b2bac3f]" started-at="2026-06-08T16:17:30 IST" name="logInToApp" finished-at="2026-06-08T16:17:32 IST" duration-ms="2159" status="PASS">
          <reporter-output>
          </reporter-output>
        </test-method> <!-- logInToApp -->
        <test-method signature="createOrganizationTest()[pri:0, instance:com.comcast.crm.orgTest_TestNG.CreateOrganizationTest@4b2bac3f]" started-at="2026-06-08T16:17:32 IST" name="createOrganizationTest" finished-at="2026-06-08T16:17:36 IST" duration-ms="4508" status="PASS">
          <reporter-output>
          </reporter-output>
        </test-method> <!-- createOrganizationTest -->
        <test-method is-config="true" signature="logOutFromApp()[pri:0, instance:com.comcast.crm.orgTest_TestNG.CreateOrganizationTest@4b2bac3f]" started-at="2026-06-08T16:17:36 IST" name="logOutFromApp" finished-at="2026-06-08T16:17:37 IST" duration-ms="766" status="PASS">
          <reporter-output>
          </reporter-output>
        </test-method> <!-- logOutFromApp -->
        <test-method is-config="true" signature="logInToApp()[pri:0, instance:com.comcast.crm.orgTest_TestNG.CreateOrganizationTest@4b2bac3f]" started-at="2026-06-08T16:17:37 IST" name="logInToApp" finished-at="2026-06-08T16:17:37 IST" duration-ms="458" status="PASS">
          <reporter-output>
          </reporter-output>
        </test-method> <!-- logInToApp -->
        <test-method signature="createOrganizationWithIndustries()[pri:0, instance:com.comcast.crm.orgTest_TestNG.CreateOrganizationTest@4b2bac3f]" started-at="2026-06-08T16:17:37 IST" name="createOrganizationWithIndustries" finished-at="2026-06-08T16:17:43 IST" duration-ms="5729" status="PASS">
          <reporter-output>
          </reporter-output>
        </test-method> <!-- createOrganizationWithIndustries -->
        <test-method is-config="true" signature="logOutFromApp()[pri:0, instance:com.comcast.crm.orgTest_TestNG.CreateOrganizationTest@4b2bac3f]" started-at="2026-06-08T16:17:43 IST" name="logOutFromApp" finished-at="2026-06-08T16:17:44 IST" duration-ms="819" status="PASS">
          <reporter-output>
          </reporter-output>
        </test-method> <!-- logOutFromApp -->
        <test-method is-config="true" signature="logInToApp()[pri:0, instance:com.comcast.crm.orgTest_TestNG.CreateOrganizationTest@4b2bac3f]" started-at="2026-06-08T16:17:44 IST" name="logInToApp" finished-at="2026-06-08T16:17:45 IST" duration-ms="1403" status="PASS">
          <reporter-output>
          </reporter-output>
        </test-method> <!-- logInToApp -->
        <test-method signature="createOrganizationWithPhoneNumber()[pri:0, instance:com.comcast.crm.orgTest_TestNG.CreateOrganizationTest@4b2bac3f]" started-at="2026-06-08T16:17:45 IST" name="createOrganizationWithPhoneNumber" finished-at="2026-06-08T16:17:50 IST" duration-ms="4388" status="PASS">
          <reporter-output>
          </reporter-output>
        </test-method> <!-- createOrganizationWithPhoneNumber -->
        <test-method is-config="true" signature="logOutFromApp()[pri:0, instance:com.comcast.crm.orgTest_TestNG.CreateOrganizationTest@4b2bac3f]" started-at="2026-06-08T16:17:50 IST" name="logOutFromApp" finished-at="2026-06-08T16:17:51 IST" duration-ms="868" status="PASS">
          <reporter-output>
          </reporter-output>
        </test-method> <!-- logOutFromApp -->
        <test-method is-config="true" signature="configAC()[pri:0, instance:com.comcast.crm.orgTest_TestNG.CreateOrganizationTest@4b2bac3f]" started-at="2026-06-08T16:17:51 IST" name="configAC" finished-at="2026-06-08T16:17:51 IST" duration-ms="293" status="PASS">
          <reporter-output>
          </reporter-output>
        </test-method> <!-- configAC -->
      </class> <!-- com.comcast.crm.orgTest_TestNG.CreateOrganizationTest -->
      <class name="com.comcast.crm.contactTest_TestNG.CreateContactTest">
        <test-method is-config="true" signature="connectTodB()[pri:0, instance:com.comcast.crm.contactTest_TestNG.CreateContactTest@198b6731]" started-at="2026-06-08T16:16:57 IST" name="connectTodB" finished-at="2026-06-08T16:16:57 IST" duration-ms="657" status="PASS">
          <reporter-output>
          </reporter-output>
        </test-method> <!-- connectTodB -->
        <test-method is-config="true" signature="configBT()[pri:0, instance:com.comcast.crm.contactTest_TestNG.CreateContactTest@198b6731]" started-at="2026-06-08T16:16:57 IST" name="configBT" finished-at="2026-06-08T16:16:58 IST" duration-ms="1" status="PASS">
          <reporter-output>
          </reporter-output>
        </test-method> <!-- configBT -->
        <test-method is-config="true" signature="launchBrowser()[pri:0, instance:com.comcast.crm.contactTest_TestNG.CreateContactTest@198b6731]" started-at="2026-06-08T16:16:58 IST" name="launchBrowser" finished-at="2026-06-08T16:16:59 IST" duration-ms="1462" status="PASS">
          <reporter-output>
          </reporter-output>
        </test-method> <!-- launchBrowser -->
        <test-method is-config="true" signature="logInToApp()[pri:0, instance:com.comcast.crm.contactTest_TestNG.CreateContactTest@198b6731]" started-at="2026-06-08T16:16:59 IST" name="logInToApp" finished-at="2026-06-08T16:17:05 IST" duration-ms="5934" status="PASS">
          <reporter-output>
          </reporter-output>
        </test-method> <!-- logInToApp -->
        <test-method signature="createContactTest()[pri:0, instance:com.comcast.crm.contactTest_TestNG.CreateContactTest@198b6731]" started-at="2026-06-08T16:17:05 IST" name="createContactTest" finished-at="2026-06-08T16:17:10 IST" duration-ms="5110" status="PASS">
          <reporter-output>
          </reporter-output>
        </test-method> <!-- createContactTest -->
        <test-method is-config="true" signature="logOutFromApp()[pri:0, instance:com.comcast.crm.contactTest_TestNG.CreateContactTest@198b6731]" started-at="2026-06-08T16:17:10 IST" name="logOutFromApp" finished-at="2026-06-08T16:17:11 IST" duration-ms="784" status="PASS">
          <reporter-output>
          </reporter-output>
        </test-method> <!-- logOutFromApp -->
        <test-method is-config="true" signature="logInToApp()[pri:0, instance:com.comcast.crm.contactTest_TestNG.CreateContactTest@198b6731]" started-at="2026-06-08T16:17:11 IST" name="logInToApp" finished-at="2026-06-08T16:17:11 IST" duration-ms="443" status="PASS">
          <reporter-output>
          </reporter-output>
        </test-method> <!-- logInToApp -->
        <test-method signature="createContactWithOrgTest()[pri:0, instance:com.comcast.crm.contactTest_TestNG.CreateContactTest@198b6731]" started-at="2026-06-08T16:17:11 IST" name="createContactWithOrgTest" finished-at="2026-06-08T16:17:21 IST" duration-ms="10031" status="PASS">
          <reporter-output>
          </reporter-output>
        </test-method> <!-- createContactWithOrgTest -->
        <test-method is-config="true" signature="logOutFromApp()[pri:0, instance:com.comcast.crm.contactTest_TestNG.CreateContactTest@198b6731]" started-at="2026-06-08T16:17:21 IST" name="logOutFromApp" finished-at="2026-06-08T16:17:22 IST" duration-ms="866" status="PASS">
          <reporter-output>
          </reporter-output>
        </test-method> <!-- logOutFromApp -->
        <test-method is-config="true" signature="logInToApp()[pri:0, instance:com.comcast.crm.contactTest_TestNG.CreateContactTest@198b6731]" started-at="2026-06-08T16:17:22 IST" name="logInToApp" finished-at="2026-06-08T16:17:24 IST" duration-ms="1402" status="PASS">
          <reporter-output>
          </reporter-output>
        </test-method> <!-- logInToApp -->
        <test-method signature="createContactWithSupportDateTest()[pri:0, instance:com.comcast.crm.contactTest_TestNG.CreateContactTest@198b6731]" started-at="2026-06-08T16:17:24 IST" name="createContactWithSupportDateTest" finished-at="2026-06-08T16:17:28 IST" duration-ms="4018" status="PASS">
          <reporter-output>
          </reporter-output>
        </test-method> <!-- createContactWithSupportDateTest -->
        <test-method is-config="true" signature="logOutFromApp()[pri:0, instance:com.comcast.crm.contactTest_TestNG.CreateContactTest@198b6731]" started-at="2026-06-08T16:17:28 IST" name="logOutFromApp" finished-at="2026-06-08T16:17:28 IST" duration-ms="807" status="PASS">
          <reporter-output>
          </reporter-output>
        </test-method> <!-- logOutFromApp -->
        <test-method is-config="true" signature="configAC()[pri:0, instance:com.comcast.crm.contactTest_TestNG.CreateContactTest@198b6731]" started-at="2026-06-08T16:17:28 IST" name="configAC" finished-at="2026-06-08T16:17:29 IST" duration-ms="261" status="PASS">
          <reporter-output>
          </reporter-output>
        </test-method> <!-- configAC -->
        <test-method is-config="true" signature="configAT()[pri:0, instance:com.comcast.crm.contactTest_TestNG.CreateContactTest@198b6731]" started-at="2026-06-08T16:17:51 IST" name="configAT" finished-at="2026-06-08T16:17:51 IST" duration-ms="1" status="PASS">
          <reporter-output>
          </reporter-output>
        </test-method> <!-- configAT -->
        <test-method is-config="true" signature="closeThedB()[pri:0, instance:com.comcast.crm.contactTest_TestNG.CreateContactTest@198b6731]" started-at="2026-06-08T16:17:51 IST" name="closeThedB" finished-at="2026-06-08T16:17:51 IST" duration-ms="4" status="PASS">
          <reporter-output>
          </reporter-output>
        </test-method> <!-- closeThedB -->
      </class> <!-- com.comcast.crm.contactTest_TestNG.CreateContactTest -->
    </test> <!-- Test -->
  </suite> <!-- Suite -->
</testng-results>
